#! /Users/chenxingzhou/Desktop/learn-fpga/oss-cad-suite/bin/vvp
:ivl_version "13.0 (devel)" "(s20221226-556-gd8c3c51ab)";
:ivl_delay_selection "TYPICAL";
:vpi_time_precision + 0;
:vpi_module "/Users/chenxingzhou/Desktop/learn-fpga/oss-cad-suite/lib/ivl/system.vpi";
:vpi_module "/Users/chenxingzhou/Desktop/learn-fpga/oss-cad-suite/lib/ivl/vhdl_sys.vpi";
:vpi_module "/Users/chenxingzhou/Desktop/learn-fpga/oss-cad-suite/lib/ivl/vhdl_textio.vpi";
:vpi_module "/Users/chenxingzhou/Desktop/learn-fpga/oss-cad-suite/lib/ivl/v2005_math.vpi";
:vpi_module "/Users/chenxingzhou/Desktop/learn-fpga/oss-cad-suite/lib/ivl/va_math.vpi";
S_0x7f9daf004990 .scope module, "bench" "bench" 2 1;
 .timescale 0 0;
v0x7f9daf018c40_0 .var "CLK", 0 0;
v0x7f9daf018d20_0 .net "LEDS", 4 0, L_0x7f9daf3078f0;  1 drivers
L_0x7f9daf263008 .functor BUFT 1, C4<0>, C4<0>, C4<0>, C4<0>;
v0x7f9daf018db0_0 .net "RESET", 0 0, L_0x7f9daf263008;  1 drivers
v0x7f9daf018e80_0 .var "RXD", 0 0;
L_0x7f9daf263488 .functor BUFT 1, C4<0>, C4<0>, C4<0>, C4<0>;
v0x7f9daf018f10_0 .net "TXD", 0 0, L_0x7f9daf263488;  1 drivers
v0x7f9daf018fe0_0 .var "prev_LEDS", 4 0;
S_0x7f9daf004b10 .scope module, "uut" "SOC" 2 8, 3 11 0, S_0x7f9daf004990;
 .timescale 0 0;
    .port_info 0 /INPUT 1 "CLK";
    .port_info 1 /INPUT 1 "RESET";
    .port_info 2 /OUTPUT 5 "LEDS";
    .port_info 3 /INPUT 1 "RXD";
    .port_info 4 /OUTPUT 1 "TXD";
v0x7f9daf015750_0 .net "Bimm", 31 0, L_0x7f9daf306880;  1 drivers
v0x7f9daf015810_0 .net "CLK", 0 0, v0x7f9daf018c40_0;  1 drivers
v0x7f9daf0158b0_0 .net "Iimm", 31 0, L_0x7f9daf305fe0;  1 drivers
v0x7f9daf015960_0 .net "Jimm", 31 0, L_0x7f9daf307010;  1 drivers
v0x7f9daf015a00_0 .net "LEDS", 4 0, L_0x7f9daf3078f0;  alias, 1 drivers
v0x7f9daf015af0 .array "MEM", 255 0, 31 0;
v0x7f9daf015b90_0 .var "PC", 31 0;
v0x7f9daf015c40_0 .net "RESET", 0 0, L_0x7f9daf263008;  alias, 1 drivers
v0x7f9daf015cd0_0 .net "RXD", 0 0, v0x7f9daf018e80_0;  1 drivers
v0x7f9daf015de0_0 .net "Simm", 31 0, L_0x7f9daf3060e0;  1 drivers
v0x7f9daf015e90_0 .net "TXD", 0 0, L_0x7f9daf263488;  alias, 1 drivers
v0x7f9daf015f30_0 .net "Uimm", 31 0, L_0x7f9daf305b70;  1 drivers
v0x7f9daf015fe0_0 .net *"_ivl_1", 6 0, L_0x7f9daf3044e0;  1 drivers
v0x7f9daf016090_0 .net *"_ivl_101", 0 0, L_0x7f9daf306c30;  1 drivers
v0x7f9daf016140_0 .net *"_ivl_103", 11 0, L_0x7f9daf306a40;  1 drivers
v0x7f9daf0161f0_0 .net *"_ivl_105", 7 0, L_0x7f9daf306e10;  1 drivers
v0x7f9daf0162a0_0 .net *"_ivl_107", 0 0, L_0x7f9daf306cd0;  1 drivers
v0x7f9daf016430_0 .net *"_ivl_109", 9 0, L_0x7f9daf306d70;  1 drivers
L_0x7f9daf2633b0 .functor BUFT 1, C4<0>, C4<0>, C4<0>, C4<0>;
v0x7f9daf0164c0_0 .net/2u *"_ivl_110", 0 0, L_0x7f9daf2633b0;  1 drivers
L_0x7f9daf2633f8 .functor BUFT 1, C4<011111>, C4<0>, C4<0>, C4<0>;
v0x7f9daf016570_0 .net/2u *"_ivl_124", 5 0, L_0x7f9daf2633f8;  1 drivers
v0x7f9daf016620_0 .net *"_ivl_127", 0 0, L_0x7f9daf307290;  1 drivers
v0x7f9daf0166d0_0 .net *"_ivl_128", 4 0, L_0x7f9daf307370;  1 drivers
v0x7f9daf016780_0 .net *"_ivl_13", 6 0, L_0x7f9daf304910;  1 drivers
v0x7f9daf016830_0 .net *"_ivl_130", 5 0, L_0x7f9daf307550;  1 drivers
L_0x7f9daf263440 .functor BUFT 1, C4<0>, C4<0>, C4<0>, C4<0>;
v0x7f9daf0168e0_0 .net *"_ivl_133", 0 0, L_0x7f9daf263440;  1 drivers
v0x7f9daf016990_0 .net *"_ivl_134", 5 0, L_0x7f9daf307a10;  1 drivers
L_0x7f9daf2630e0 .functor BUFT 1, C4<1100011>, C4<0>, C4<0>, C4<0>;
v0x7f9daf016a40_0 .net/2u *"_ivl_14", 6 0, L_0x7f9daf2630e0;  1 drivers
v0x7f9daf016af0_0 .net *"_ivl_19", 6 0, L_0x7f9daf304af0;  1 drivers
L_0x7f9daf263050 .functor BUFT 1, C4<0110011>, C4<0>, C4<0>, C4<0>;
v0x7f9daf016ba0_0 .net/2u *"_ivl_2", 6 0, L_0x7f9daf263050;  1 drivers
L_0x7f9daf263128 .functor BUFT 1, C4<1100111>, C4<0>, C4<0>, C4<0>;
v0x7f9daf016c50_0 .net/2u *"_ivl_20", 6 0, L_0x7f9daf263128;  1 drivers
v0x7f9daf016d00_0 .net *"_ivl_25", 6 0, L_0x7f9daf304d30;  1 drivers
L_0x7f9daf263170 .functor BUFT 1, C4<1101111>, C4<0>, C4<0>, C4<0>;
v0x7f9daf016db0_0 .net/2u *"_ivl_26", 6 0, L_0x7f9daf263170;  1 drivers
v0x7f9daf016e60_0 .net *"_ivl_31", 6 0, L_0x7f9daf304f20;  1 drivers
L_0x7f9daf2631b8 .functor BUFT 1, C4<0010111>, C4<0>, C4<0>, C4<0>;
v0x7f9daf016350_0 .net/2u *"_ivl_32", 6 0, L_0x7f9daf2631b8;  1 drivers
v0x7f9daf0170f0_0 .net *"_ivl_37", 6 0, L_0x7f9daf305120;  1 drivers
L_0x7f9daf263200 .functor BUFT 1, C4<0110111>, C4<0>, C4<0>, C4<0>;
v0x7f9daf017180_0 .net/2u *"_ivl_38", 6 0, L_0x7f9daf263200;  1 drivers
v0x7f9daf017220_0 .net *"_ivl_43", 6 0, L_0x7f9daf305330;  1 drivers
L_0x7f9daf263248 .functor BUFT 1, C4<0000011>, C4<0>, C4<0>, C4<0>;
v0x7f9daf0172d0_0 .net/2u *"_ivl_44", 6 0, L_0x7f9daf263248;  1 drivers
v0x7f9daf017380_0 .net *"_ivl_49", 6 0, L_0x7f9daf3055f0;  1 drivers
L_0x7f9daf263290 .functor BUFT 1, C4<0100011>, C4<0>, C4<0>, C4<0>;
v0x7f9daf017430_0 .net/2u *"_ivl_50", 6 0, L_0x7f9daf263290;  1 drivers
v0x7f9daf0174e0_0 .net *"_ivl_55", 6 0, L_0x7f9daf305800;  1 drivers
L_0x7f9daf2632d8 .functor BUFT 1, C4<1110011>, C4<0>, C4<0>, C4<0>;
v0x7f9daf017590_0 .net/2u *"_ivl_56", 6 0, L_0x7f9daf2632d8;  1 drivers
v0x7f9daf017640_0 .net *"_ivl_61", 0 0, L_0x7f9daf305a20;  1 drivers
v0x7f9daf0176f0_0 .net *"_ivl_63", 18 0, L_0x7f9daf3058a0;  1 drivers
L_0x7f9daf263320 .functor BUFT 1, C4<000000000000>, C4<0>, C4<0>, C4<0>;
v0x7f9daf0177a0_0 .net/2u *"_ivl_64", 11 0, L_0x7f9daf263320;  1 drivers
v0x7f9daf017850_0 .net *"_ivl_69", 0 0, L_0x7f9daf305d90;  1 drivers
v0x7f9daf017900_0 .net *"_ivl_7", 6 0, L_0x7f9daf3046d0;  1 drivers
v0x7f9daf0179b0_0 .net *"_ivl_71", 20 0, L_0x7f9daf305e30;  1 drivers
v0x7f9daf017a60_0 .net *"_ivl_73", 10 0, L_0x7f9daf305ac0;  1 drivers
v0x7f9daf017b10_0 .net *"_ivl_77", 0 0, L_0x7f9daf3061c0;  1 drivers
v0x7f9daf017bc0_0 .net *"_ivl_79", 20 0, L_0x7f9daf306260;  1 drivers
L_0x7f9daf263098 .functor BUFT 1, C4<0010011>, C4<0>, C4<0>, C4<0>;
v0x7f9daf017c70_0 .net/2u *"_ivl_8", 6 0, L_0x7f9daf263098;  1 drivers
v0x7f9daf017d20_0 .net *"_ivl_81", 5 0, L_0x7f9daf305f10;  1 drivers
v0x7f9daf017dd0_0 .net *"_ivl_83", 4 0, L_0x7f9daf3053d0;  1 drivers
v0x7f9daf017e80_0 .net *"_ivl_87", 0 0, L_0x7f9daf306340;  1 drivers
v0x7f9daf017f30_0 .net *"_ivl_89", 19 0, L_0x7f9daf306700;  1 drivers
v0x7f9daf017fe0_0 .net *"_ivl_91", 0 0, L_0x7f9daf3067e0;  1 drivers
v0x7f9daf018090_0 .net *"_ivl_93", 5 0, L_0x7f9daf3065f0;  1 drivers
v0x7f9daf018140_0 .net *"_ivl_95", 3 0, L_0x7f9daf3069a0;  1 drivers
L_0x7f9daf263368 .functor BUFT 1, C4<0>, C4<0>, C4<0>, C4<0>;
v0x7f9daf0181f0_0 .net/2u *"_ivl_96", 0 0, L_0x7f9daf263368;  1 drivers
v0x7f9daf0182a0_0 .net "clk", 0 0, L_0x7f9daf307c60;  1 drivers
v0x7f9daf018350_0 .net "funct3", 2 0, L_0x7f9daf307410;  1 drivers
v0x7f9daf0183e0_0 .net "funct7", 6 0, L_0x7f9daf3074b0;  1 drivers
v0x7f9daf018470_0 .var "instr", 31 0;
v0x7f9daf018500_0 .net "isALUimm", 0 0, L_0x7f9daf3047d0;  1 drivers
v0x7f9daf016ef0_0 .net "isALUreg", 0 0, L_0x7f9daf304590;  1 drivers
v0x7f9daf016f80_0 .net "isAUIPC", 0 0, L_0x7f9daf305020;  1 drivers
v0x7f9daf017010_0 .net "isBranch", 0 0, L_0x7f9daf3049b0;  1 drivers
v0x7f9daf018590_0 .net "isJAL", 0 0, L_0x7f9daf304e20;  1 drivers
v0x7f9daf018620_0 .net "isJALR", 0 0, L_0x7f9daf304c50;  1 drivers
v0x7f9daf0186b0_0 .net "isLUI", 0 0, L_0x7f9daf305230;  1 drivers
v0x7f9daf018740_0 .net "isLoad", 0 0, L_0x7f9daf305550;  1 drivers
v0x7f9daf0187d0_0 .net "isSYSTEM", 0 0, L_0x7f9daf305940;  1 drivers
v0x7f9daf018870_0 .net "isStore", 0 0, L_0x7f9daf305720;  1 drivers
v0x7f9daf018910_0 .net "rdId", 4 0, L_0x7f9daf306f50;  1 drivers
v0x7f9daf0189c0_0 .net "resetn", 0 0, L_0x7f9daf307d40;  1 drivers
v0x7f9daf018a70_0 .net "rs1Id", 4 0, L_0x7f9daf3071f0;  1 drivers
v0x7f9daf018b10_0 .net "rs2Id", 4 0, L_0x7f9daf306eb0;  1 drivers
E_0x7f9daf004d60 .event posedge, v0x7f9daf0155a0_0;
L_0x7f9daf3044e0 .part v0x7f9daf018470_0, 0, 7;
L_0x7f9daf304590 .cmp/eq 7, L_0x7f9daf3044e0, L_0x7f9daf263050;
L_0x7f9daf3046d0 .part v0x7f9daf018470_0, 0, 7;
L_0x7f9daf3047d0 .cmp/eq 7, L_0x7f9daf3046d0, L_0x7f9daf263098;
L_0x7f9daf304910 .part v0x7f9daf018470_0, 0, 7;
L_0x7f9daf3049b0 .cmp/eq 7, L_0x7f9daf304910, L_0x7f9daf2630e0;
L_0x7f9daf304af0 .part v0x7f9daf018470_0, 0, 7;
L_0x7f9daf304c50 .cmp/eq 7, L_0x7f9daf304af0, L_0x7f9daf263128;
L_0x7f9daf304d30 .part v0x7f9daf018470_0, 0, 7;
L_0x7f9daf304e20 .cmp/eq 7, L_0x7f9daf304d30, L_0x7f9daf263170;
L_0x7f9daf304f20 .part v0x7f9daf018470_0, 0, 7;
L_0x7f9daf305020 .cmp/eq 7, L_0x7f9daf304f20, L_0x7f9daf2631b8;
L_0x7f9daf305120 .part v0x7f9daf018470_0, 0, 7;
L_0x7f9daf305230 .cmp/eq 7, L_0x7f9daf305120, L_0x7f9daf263200;
L_0x7f9daf305330 .part v0x7f9daf018470_0, 0, 7;
L_0x7f9daf305550 .cmp/eq 7, L_0x7f9daf305330, L_0x7f9daf263248;
L_0x7f9daf3055f0 .part v0x7f9daf018470_0, 0, 7;
L_0x7f9daf305720 .cmp/eq 7, L_0x7f9daf3055f0, L_0x7f9daf263290;
L_0x7f9daf305800 .part v0x7f9daf018470_0, 0, 7;
L_0x7f9daf305940 .cmp/eq 7, L_0x7f9daf305800, L_0x7f9daf2632d8;
L_0x7f9daf305a20 .part v0x7f9daf018470_0, 31, 1;
L_0x7f9daf3058a0 .part v0x7f9daf018470_0, 12, 19;
L_0x7f9daf305b70 .concat [ 12 19 1 0], L_0x7f9daf263320, L_0x7f9daf3058a0, L_0x7f9daf305a20;
L_0x7f9daf305d90 .part v0x7f9daf018470_0, 31, 1;
L_0x7f9daf305e30 .repeat 21, 21, L_0x7f9daf305d90;
L_0x7f9daf305ac0 .part v0x7f9daf018470_0, 20, 11;
L_0x7f9daf305fe0 .concat [ 11 21 0 0], L_0x7f9daf305ac0, L_0x7f9daf305e30;
L_0x7f9daf3061c0 .part v0x7f9daf018470_0, 31, 1;
L_0x7f9daf306260 .repeat 21, 21, L_0x7f9daf3061c0;
L_0x7f9daf305f10 .part v0x7f9daf018470_0, 25, 6;
L_0x7f9daf3053d0 .part v0x7f9daf018470_0, 7, 5;
L_0x7f9daf3060e0 .concat [ 5 6 21 0], L_0x7f9daf3053d0, L_0x7f9daf305f10, L_0x7f9daf306260;
L_0x7f9daf306340 .part v0x7f9daf018470_0, 31, 1;
L_0x7f9daf306700 .repeat 20, 20, L_0x7f9daf306340;
L_0x7f9daf3067e0 .part v0x7f9daf018470_0, 7, 1;
L_0x7f9daf3065f0 .part v0x7f9daf018470_0, 25, 6;
L_0x7f9daf3069a0 .part v0x7f9daf018470_0, 8, 4;
LS_0x7f9daf306880_0_0 .concat [ 1 4 6 1], L_0x7f9daf263368, L_0x7f9daf3069a0, L_0x7f9daf3065f0, L_0x7f9daf3067e0;
LS_0x7f9daf306880_0_4 .concat [ 20 0 0 0], L_0x7f9daf306700;
L_0x7f9daf306880 .concat [ 12 20 0 0], LS_0x7f9daf306880_0_0, LS_0x7f9daf306880_0_4;
L_0x7f9daf306c30 .part v0x7f9daf018470_0, 31, 1;
L_0x7f9daf306a40 .repeat 12, 12, L_0x7f9daf306c30;
L_0x7f9daf306e10 .part v0x7f9daf018470_0, 12, 8;
L_0x7f9daf306cd0 .part v0x7f9daf018470_0, 20, 1;
L_0x7f9daf306d70 .part v0x7f9daf018470_0, 21, 10;
LS_0x7f9daf307010_0_0 .concat [ 1 10 1 8], L_0x7f9daf2633b0, L_0x7f9daf306d70, L_0x7f9daf306cd0, L_0x7f9daf306e10;
LS_0x7f9daf307010_0_4 .concat [ 12 0 0 0], L_0x7f9daf306a40;
L_0x7f9daf307010 .concat [ 20 12 0 0], LS_0x7f9daf307010_0_0, LS_0x7f9daf307010_0_4;
L_0x7f9daf3071f0 .part v0x7f9daf018470_0, 15, 5;
L_0x7f9daf306eb0 .part v0x7f9daf018470_0, 20, 5;
L_0x7f9daf306f50 .part v0x7f9daf018470_0, 7, 5;
L_0x7f9daf307410 .part v0x7f9daf018470_0, 12, 3;
L_0x7f9daf3074b0 .part v0x7f9daf018470_0, 25, 7;
L_0x7f9daf307290 .part v0x7f9daf015b90_0, 0, 1;
LS_0x7f9daf307370_0_0 .concat [ 1 1 1 1], L_0x7f9daf305550, L_0x7f9daf305720, L_0x7f9daf3047d0, L_0x7f9daf304590;
LS_0x7f9daf307370_0_4 .concat [ 1 0 0 0], L_0x7f9daf307290;
L_0x7f9daf307370 .concat [ 4 1 0 0], LS_0x7f9daf307370_0_0, LS_0x7f9daf307370_0_4;
L_0x7f9daf307550 .concat [ 5 1 0 0], L_0x7f9daf307370, L_0x7f9daf263440;
L_0x7f9daf307a10 .functor MUXZ 6, L_0x7f9daf307550, L_0x7f9daf2633f8, L_0x7f9daf305940, C4<>;
L_0x7f9daf3078f0 .part L_0x7f9daf307a10, 0, 5;
S_0x7f9daf004dc0 .scope module, "CW" "Clockworks" 3 132, 4 33 0, S_0x7f9daf004b10;
 .timescale 0 0;
    .port_info 0 /INPUT 1 "CLK";
    .port_info 1 /INPUT 1 "RESET";
    .port_info 2 /OUTPUT 1 "clk";
    .port_info 3 /OUTPUT 1 "resetn";
P_0x7f9daf004f90 .param/l "SLOW" 0 4 41, +C4<00000000000000000000000000010101>;
v0x7f9daf015450_0 .net "CLK", 0 0, v0x7f9daf018c40_0;  alias, 1 drivers
v0x7f9daf015500_0 .net "RESET", 0 0, L_0x7f9daf263008;  alias, 1 drivers
v0x7f9daf0155a0_0 .net "clk", 0 0, L_0x7f9daf307c60;  alias, 1 drivers
v0x7f9daf015650_0 .net "resetn", 0 0, L_0x7f9daf307d40;  alias, 1 drivers
S_0x7f9daf0050b0 .scope generate, "genblk1" "genblk1" 4 52, 4 52 0, S_0x7f9daf004dc0;
 .timescale 0 0;
P_0x7f9daf005280 .param/l "slow_bit" 1 4 57, +C4<000000000000000000000000000010001>;
v0x7f9daf005300_0 .var "slow_CLK", 17 0;
E_0x7f9daf0053c0 .event posedge, v0x7f9daf015450_0;
L_0x7f9daf307c60 .part v0x7f9daf005300_0, 17, 1;
L_0x7f9daf307d40 .reduce/nor L_0x7f9daf263008;
    .scope S_0x7f9daf0050b0;
T_0 ;
    %pushi/vec4 0, 0, 18;
    %store/vec4 v0x7f9daf005300_0, 0, 18;
    %end;
    .thread T_0;
    .scope S_0x7f9daf0050b0;
T_1 ;
    %wait E_0x7f9daf0053c0;
    %load/vec4 v0x7f9daf005300_0;
    %addi 1, 0, 18;
    %assign/vec4 v0x7f9daf005300_0, 0;
    %jmp T_1;
    .thread T_1;
    .scope S_0x7f9daf004b10;
T_2 ;
    %pushi/vec4 0, 0, 32;
    %store/vec4 v0x7f9daf015b90_0, 0, 32;
    %pushi/vec4 51, 0, 32;
    %store/vec4 v0x7f9daf018470_0, 0, 32;
    %pushi/vec4 179, 0, 32;
    %ix/load 4, 0, 0;
    %flag_set/imm 4, 0;
    %store/vec4a v0x7f9daf015af0, 4, 0;
    %pushi/vec4 1081491, 0, 32;
    %ix/load 4, 1, 0;
    %flag_set/imm 4, 0;
    %store/vec4a v0x7f9daf015af0, 4, 0;
    %pushi/vec4 1081491, 0, 32;
    %ix/load 4, 2, 0;
    %flag_set/imm 4, 0;
    %store/vec4a v0x7f9daf015af0, 4, 0;
    %pushi/vec4 1081491, 0, 32;
    %ix/load 4, 3, 0;
    %flag_set/imm 4, 0;
    %store/vec4a v0x7f9daf015af0, 4, 0;
    %pushi/vec4 1081491, 0, 32;
    %ix/load 4, 4, 0;
    %flag_set/imm 4, 0;
    %store/vec4a v0x7f9daf015af0, 4, 0;
    %pushi/vec4 41219, 0, 32;
    %ix/load 4, 5, 0;
    %flag_set/imm 4, 0;
    %store/vec4a v0x7f9daf015af0, 4, 0;
    %pushi/vec4 2138147, 0, 32;
    %ix/load 4, 6, 0;
    %flag_set/imm 4, 0;
    %store/vec4a v0x7f9daf015af0, 4, 0;
    %pushi/vec4 1048691, 0, 32;
    %ix/load 4, 7, 0;
    %flag_set/imm 4, 0;
    %store/vec4a v0x7f9daf015af0, 4, 0;
    %end;
    .thread T_2;
    .scope S_0x7f9daf004b10;
T_3 ;
    %wait E_0x7f9daf004d60;
    %load/vec4 v0x7f9daf0189c0_0;
    %nor/r;
    %flag_set/vec4 8;
    %jmp/0xz  T_3.0, 8;
    %pushi/vec4 0, 0, 32;
    %assign/vec4 v0x7f9daf015b90_0, 0;
    %pushi/vec4 51, 0, 32;
    %assign/vec4 v0x7f9daf018470_0, 0;
    %jmp T_3.1;
T_3.0 ;
    %load/vec4 v0x7f9daf0187d0_0;
    %nor/r;
    %flag_set/vec4 8;
    %jmp/0xz  T_3.2, 8;
    %ix/getv 4, v0x7f9daf015b90_0;
    %load/vec4a v0x7f9daf015af0, 4;
    %assign/vec4 v0x7f9daf018470_0, 0;
    %load/vec4 v0x7f9daf015b90_0;
    %addi 1, 0, 32;
    %assign/vec4 v0x7f9daf015b90_0, 0;
T_3.2 ;
T_3.1 ;
    %load/vec4 v0x7f9daf0187d0_0;
    %flag_set/vec4 8;
    %jmp/0xz  T_3.4, 8;
    %vpi_call 3 99 "$finish" {0 0 0};
T_3.4 ;
    %jmp T_3;
    .thread T_3;
    .scope S_0x7f9daf004b10;
T_4 ;
    %wait E_0x7f9daf004d60;
    %vpi_call 3 107 "$display", "PC=%0d", v0x7f9daf015b90_0 {0 0 0};
    %pushi/vec4 1, 0, 1;
    %dup/vec4;
    %load/vec4 v0x7f9daf016ef0_0;
    %cmp/u;
    %jmp/1 T_4.0, 6;
    %dup/vec4;
    %load/vec4 v0x7f9daf018500_0;
    %cmp/u;
    %jmp/1 T_4.1, 6;
    %dup/vec4;
    %load/vec4 v0x7f9daf017010_0;
    %cmp/u;
    %jmp/1 T_4.2, 6;
    %dup/vec4;
    %load/vec4 v0x7f9daf018590_0;
    %cmp/u;
    %jmp/1 T_4.3, 6;
    %dup/vec4;
    %load/vec4 v0x7f9daf018620_0;
    %cmp/u;
    %jmp/1 T_4.4, 6;
    %dup/vec4;
    %load/vec4 v0x7f9daf016f80_0;
    %cmp/u;
    %jmp/1 T_4.5, 6;
    %dup/vec4;
    %load/vec4 v0x7f9daf0186b0_0;
    %cmp/u;
    %jmp/1 T_4.6, 6;
    %dup/vec4;
    %load/vec4 v0x7f9daf018740_0;
    %cmp/u;
    %jmp/1 T_4.7, 6;
    %dup/vec4;
    %load/vec4 v0x7f9daf018870_0;
    %cmp/u;
    %jmp/1 T_4.8, 6;
    %dup/vec4;
    %load/vec4 v0x7f9daf0187d0_0;
    %cmp/u;
    %jmp/1 T_4.9, 6;
    %jmp T_4.10;
T_4.0 ;
    %vpi_call 3 109 "$display", "ALUreg rd=%d rs1=%d rs2=%d funct3=%b", v0x7f9daf018910_0, v0x7f9daf018a70_0, v0x7f9daf018b10_0, v0x7f9daf018350_0 {0 0 0};
    %jmp T_4.10;
T_4.1 ;
    %vpi_call 3 113 "$display", "ALUimm rd=%d rs1=%d imm=%0d funct3=%b", v0x7f9daf018910_0, v0x7f9daf018a70_0, v0x7f9daf0158b0_0, v0x7f9daf018350_0 {0 0 0};
    %jmp T_4.10;
T_4.2 ;
    %vpi_call 3 117 "$display", "BRANCH" {0 0 0};
    %jmp T_4.10;
T_4.3 ;
    %vpi_call 3 118 "$display", "JAL" {0 0 0};
    %jmp T_4.10;
T_4.4 ;
    %vpi_call 3 119 "$display", "JALR" {0 0 0};
    %jmp T_4.10;
T_4.5 ;
    %vpi_call 3 120 "$display", "AUIPC" {0 0 0};
    %jmp T_4.10;
T_4.6 ;
    %vpi_call 3 121 "$display", "LUI" {0 0 0};
    %jmp T_4.10;
T_4.7 ;
    %vpi_call 3 122 "$display", "LOAD" {0 0 0};
    %jmp T_4.10;
T_4.8 ;
    %vpi_call 3 123 "$display", "STORE" {0 0 0};
    %jmp T_4.10;
T_4.9 ;
    %vpi_call 3 124 "$display", "SYSTEM" {0 0 0};
    %jmp T_4.10;
T_4.10 ;
    %pop/vec4 1;
    %jmp T_4;
    .thread T_4;
    .scope S_0x7f9daf004990;
T_5 ;
    %pushi/vec4 0, 0, 1;
    %store/vec4 v0x7f9daf018e80_0, 0, 1;
    %pushi/vec4 0, 0, 5;
    %store/vec4 v0x7f9daf018fe0_0, 0, 5;
    %end;
    .thread T_5;
    .scope S_0x7f9daf004990;
T_6 ;
    %pushi/vec4 0, 0, 1;
    %store/vec4 v0x7f9daf018c40_0, 0, 1;
T_6.0 ;
    %delay 1, 0;
    %load/vec4 v0x7f9daf018c40_0;
    %inv;
    %store/vec4 v0x7f9daf018c40_0, 0, 1;
    %load/vec4 v0x7f9daf018d20_0;
    %load/vec4 v0x7f9daf018fe0_0;
    %cmp/ne;
    %jmp/0xz  T_6.2, 4;
    %vpi_call 2 22 "$display", "LEDS = %b", v0x7f9daf018d20_0 {0 0 0};
T_6.2 ;
    %load/vec4 v0x7f9daf018d20_0;
    %assign/vec4 v0x7f9daf018fe0_0, 0;
    %jmp T_6.0;
T_6.1 ;
    %end;
    .thread T_6;
# The file index is used to find the file name in the following table.
:file_names 5;
    "N/A";
    "<interactive>";
    "bench_iverilog.v";
    "step4.v";
    "./clockworks.v";
